d:\openglbeginning\learnopengl_com\learnopengl\debug\vc140.pdb
d:\openglbeginning\learnopengl_com\learnopengl\debug\vc140.idb
d:\openglbeginning\learnopengl_com\learnopengl\debug\colorfultriangles.obj
d:\openglbeginning\learnopengl_com\learnopengl\debug\cshader.obj
d:\openglbeginning\learnopengl_com\learnopengl\debug\shinningtriangles.obj
d:\openglbeginning\learnopengl_com\learnopengl\debug\common.obj
d:\openglbeginning\learnopengl_com\learnopengl\debug\drawtriangles.obj
d:\openglbeginning\learnopengl_com\learnopengl\debug\testinclude.obj
d:\openglbeginning\learnopengl_com\learnopengl\debug\glad.obj
d:\openglbeginning\learnopengl_com\learnopengl\debug\testshaderclass.obj
d:\openglbeginning\learnopengl_com\debug\learnopengl.ilk
d:\openglbeginning\learnopengl_com\debug\learnopengl.exe
d:\openglbeginning\learnopengl_com\debug\learnopengl.pdb
d:\openglbeginning\learnopengl_com\learnopengl\debug\learnopengl.tlog\cl.command.1.tlog
d:\openglbeginning\learnopengl_com\learnopengl\debug\learnopengl.tlog\cl.read.1.tlog
d:\openglbeginning\learnopengl_com\learnopengl\debug\learnopengl.tlog\cl.write.1.tlog
d:\openglbeginning\learnopengl_com\learnopengl\debug\learnopengl.tlog\link.11624.delete.1.tlog
d:\openglbeginning\learnopengl_com\learnopengl\debug\learnopengl.tlog\link.command.1.tlog
d:\openglbeginning\learnopengl_com\learnopengl\debug\learnopengl.tlog\link.read.1.tlog
d:\openglbeginning\learnopengl_com\learnopengl\debug\learnopengl.tlog\link.write.1.tlog
